<?xml version="1.0" encoding="UTF-8"?>
<testsuite name="ChatServiceTest" tests="6" skipped="0" failures="0" errors="0" timestamp="2022-08-01T14:09:53" hostname="DESKTOP-CLEVO" time="0.049">
  <properties/>
  <testcase name="editMessage" classname="ChatServiceTest" time="0.011"/>
  <testcase name="getUnreadChatsCount_deletedChat" classname="ChatServiceTest" time="0.0"/>
  <testcase name="sendMessage" classname="ChatServiceTest" time="0.001"/>
  <testcase name="createChat" classname="ChatServiceTest" time="0.007"/>
  <testcase name="getUnreadChatsCount" classname="ChatServiceTest" time="0.0"/>
  <testcase name="deleteChat" classname="ChatServiceTest" time="0.03"/>
  <system-out><![CDATA[
Чат id = 1 с id = 2 id последнего сообщения = 2 (кол-во сообщений: 1):
id = 1 (12:09:53): TEST. Прочитано=true, Изменено=false

Чаты пользователя id = 1:
Чат с id = 3 (Непрочитанных сообщений 1)
]]></system-out>
  <system-err><![CDATA[]]></system-err>
</testsuite>
